# JRE version: OpenJDK Runtime Environment Temurin-17.0.1+12 (17.0.1+12) (build 17.0.1+12)
# Java VM: OpenJDK 64-Bit Server VM Temurin-17.0.1+12 (17.0.1+12, mixed mode, tiered, compressed oops, compressed class ptrs, parallel gc, bsd-amd64)
GC Precious Log:
 CPUs: 12 total, 12 available
 Memory: 32768M
 Large Page Support: Disabled
 NUMA Support: Disabled
 Compressed Oops: Enabled (Zero based)
 Alignments: Space 512K, Generation 512K, Heap 2M
 Heap Min Capacity: 100M
 Heap Initial Capacity: 100M
 Heap Max Capacity: 1G
 Pre-touch: Disabled
 Parallel Workers: 10
Heap:
 PSYoungGen      total 4608K, used 3905K [0x00000007eab00000, 0x00000007eb300000, 0x0000000800000000)
  eden space 4096K, 83% used [0x00000007eab00000,0x00000007eae54668,0x00000007eaf00000)
  from space 512K, 96% used [0x00000007eb280000,0x00000007eb2fc010,0x00000007eb300000)
  to   space 1536K, 0% used [0x00000007eb000000,0x00000007eb000000,0x00000007eb180000)
 ParOldGen       total 113664K, used 97749K [0x00000007c0000000, 0x00000007c6f00000, 0x00000007eab00000)
  object space 113664K, 85% used [0x00000007c0000000,0x00000007c5f757e0,0x00000007c6f00000)
 Metaspace       used 93187K, committed 94272K, reserved 1138688K
  class space    used 9902K, committed 10432K, reserved 1048576K
GC Heap History (20 events):
Event: 199381.022 GC heap before
{Heap before GC invocations=1931 (full 60):
 PSYoungGen      total 3584K, used 3423K [0x00000007eab00000, 0x00000007eb000000, 0x0000000800000000)
  eden space 2048K, 99% used [0x00000007eab00000,0x00000007eacfffe8,0x00000007ead00000)
  from space 1536K, 89% used [0x00000007eae80000,0x00000007eafd8000,0x00000007eb000000)
  to   space 1536K, 0% used [0x00000007ead00000,0x00000007ead00000,0x00000007eae80000)
 ParOldGen       total 108032K, used 98230K [0x00000007c0000000, 0x00000007c6980000, 0x00000007eab00000)
  object space 108032K, 90% used [0x00000007c0000000,0x00000007c5fedaf8,0x00000007c6980000)
 Metaspace       used 93026K, committed 94080K, reserved 1138688K
  class space    used 9882K, committed 10432K, reserved 1048576K
}
Event: 199381.025 GC heap after
{Heap after GC invocations=1931 (full 60):
 PSYoungGen      total 3584K, used 1371K [0x00000007eab00000, 0x00000007eb080000, 0x0000000800000000)
  eden space 2048K, 0% used [0x00000007eab00000,0x00000007eab00000,0x00000007ead00000)
  from space 1536K, 89% used [0x00000007ead00000,0x00000007eae56c00,0x00000007eae80000)
  to   space 1536K, 0% used [0x00000007eaf00000,0x00000007eaf00000,0x00000007eb080000)
 ParOldGen       total 108032K, used 99446K [0x00000007c0000000, 0x00000007c6980000, 0x00000007eab00000)
  object space 108032K, 92% used [0x00000007c0000000,0x00000007c611daf8,0x00000007c6980000)
 Metaspace       used 93026K, committed 94080K, reserved 1138688K
  class space    used 9882K, committed 10432K, reserved 1048576K
}
Event: 199381.038 GC heap before
{Heap before GC invocations=1932 (full 60):
 PSYoungGen      total 3584K, used 3419K [0x00000007eab00000, 0x00000007eb080000, 0x0000000800000000)
  eden space 2048K, 100% used [0x00000007eab00000,0x00000007ead00000,0x00000007ead00000)
  from space 1536K, 89% used [0x00000007ead00000,0x00000007eae56c00,0x00000007eae80000)
  to   space 1536K, 0% used [0x00000007eaf00000,0x00000007eaf00000,0x00000007eb080000)
 ParOldGen       total 108032K, used 99446K [0x00000007c0000000, 0x00000007c6980000, 0x00000007eab00000)
  object space 108032K, 92% used [0x00000007c0000000,0x00000007c611daf8,0x00000007c6980000)
 Metaspace       used 93029K, committed 94080K, reserved 1138688K
  class space    used 9882K, committed 10432K, reserved 1048576K
}
Event: 199381.041 GC heap after
{Heap after GC invocations=1932 (full 60):
 PSYoungGen      total 4096K, used 1496K [0x00000007eab00000, 0x00000007eb080000, 0x0000000800000000)
  eden space 2560K, 0% used [0x00000007eab00000,0x00000007eab00000,0x00000007ead80000)
  from space 1536K, 97% used [0x00000007eaf00000,0x00000007eb076000,0x00000007eb080000)
  to   space 1536K, 0% used [0x00000007ead80000,0x00000007ead80000,0x00000007eaf00000)
 ParOldGen       total 108032K, used 100678K [0x00000007c0000000, 0x00000007c6980000, 0x00000007eab00000)
  object space 108032K, 93% used [0x00000007c0000000,0x00000007c6251af8,0x00000007c6980000)
 Metaspace       used 93029K, committed 94080K, reserved 1138688K
  class space    used 9882K, committed 10432K, reserved 1048576K
}
Event: 199381.090 GC heap before
{Heap before GC invocations=1933 (full 60):
 PSYoungGen      total 4096K, used 3883K [0x00000007eab00000, 0x00000007eb080000, 0x0000000800000000)
  eden space 2560K, 93% used [0x00000007eab00000,0x00000007ead54ce8,0x00000007ead80000)
  from space 1536K, 97% used [0x00000007eaf00000,0x00000007eb076000,0x00000007eb080000)
  to   space 1536K, 0% used [0x00000007ead80000,0x00000007ead80000,0x00000007eaf00000)
 ParOldGen       total 108032K, used 100678K [0x00000007c0000000, 0x00000007c6980000, 0x00000007eab00000)
  object space 108032K, 93% used [0x00000007c0000000,0x00000007c6251af8,0x00000007c6980000)
 Metaspace       used 93029K, committed 94080K, reserved 1138688K
  class space    used 9882K, committed 10432K, reserved 1048576K
}
Event: 199381.093 GC heap after
{Heap after GC invocations=1933 (full 60):
 PSYoungGen      total 4096K, used 1529K [0x00000007eab00000, 0x00000007eb500000, 0x0000000800000000)
  eden space 2560K, 0% used [0x00000007eab00000,0x00000007eab00000,0x00000007ead80000)
  from space 1536K, 99% used [0x00000007ead80000,0x00000007eaefe530,0x00000007eaf00000)
  to   space 3584K, 0% used [0x00000007eb180000,0x00000007eb180000,0x00000007eb500000)
 ParOldGen       total 108032K, used 102206K [0x00000007c0000000, 0x00000007c6980000, 0x00000007eab00000)
  object space 108032K, 94% used [0x00000007c0000000,0x00000007c63cfaf8,0x00000007c6980000)
 Metaspace       used 93029K, committed 94080K, reserved 1138688K
  class space    used 9882K, committed 10432K, reserved 1048576K
}
Event: 199381.097 GC heap before
{Heap before GC invocations=1934 (full 60):
 PSYoungGen      total 4096K, used 4089K [0x00000007eab00000, 0x00000007eb500000, 0x0000000800000000)
  eden space 2560K, 100% used [0x00000007eab00000,0x00000007ead80000,0x00000007ead80000)
  from space 1536K, 99% used [0x00000007ead80000,0x00000007eaefe530,0x00000007eaf00000)
  to   space 3584K, 0% used [0x00000007eb180000,0x00000007eb180000,0x00000007eb500000)
 ParOldGen       total 108032K, used 102206K [0x00000007c0000000, 0x00000007c6980000, 0x00000007eab00000)
  object space 108032K, 94% used [0x00000007c0000000,0x00000007c63cfaf8,0x00000007c6980000)
 Metaspace       used 93029K, committed 94080K, reserved 1138688K
  class space    used 9882K, committed 10432K, reserved 1048576K
}
Event: 199381.100 GC heap after
{Heap after GC invocations=1934 (full 60):
 PSYoungGen      total 6144K, used 2689K [0x00000007eab00000, 0x00000007eb480000, 0x0000000800000000)
  eden space 3072K, 0% used [0x00000007eab00000,0x00000007eab00000,0x00000007eae00000)
  from space 3072K, 87% used [0x00000007eb180000,0x00000007eb420530,0x00000007eb480000)
  to   space 3072K, 0% used [0x00000007eae80000,0x00000007eae80000,0x00000007eb180000)
 ParOldGen       total 108032K, used 103768K [0x00000007c0000000, 0x00000007c6980000, 0x00000007eab00000)
  object space 108032K, 96% used [0x00000007c0000000,0x00000007c6556028,0x00000007c6980000)
 Metaspace       used 93029K, committed 94080K, reserved 1138688K
  class space    used 9882K, committed 10432K, reserved 1048576K
}
Event: 199381.109 GC heap before
{Heap before GC invocations=1935 (full 60):
 PSYoungGen      total 6144K, used 5433K [0x00000007eab00000, 0x00000007eb480000, 0x0000000800000000)
  eden space 3072K, 89% used [0x00000007eab00000,0x00000007eadadff0,0x00000007eae00000)
  from space 3072K, 87% used [0x00000007eb180000,0x00000007eb420530,0x00000007eb480000)
  to   space 3072K, 0% used [0x00000007eae80000,0x00000007eae80000,0x00000007eb180000)
 ParOldGen       total 108032K, used 103768K [0x00000007c0000000, 0x00000007c6980000, 0x00000007eab00000)
  object space 108032K, 96% used [0x00000007c0000000,0x00000007c6556028,0x00000007c6980000)
 Metaspace       used 93029K, committed 94080K, reserved 1138688K
  class space    used 9882K, committed 10432K, reserved 1048576K
}
Event: 199381.112 GC heap after
{Heap after GC invocations=1935 (full 60):
 PSYoungGen      total 6656K, used 2448K [0x00000007eab00000, 0x00000007eb400000, 0x0000000800000000)
  eden space 3584K, 0% used [0x00000007eab00000,0x00000007eab00000,0x00000007eae80000)
  from space 3072K, 79% used [0x00000007eae80000,0x00000007eb0e4000,0x00000007eb180000)
  to   space 2560K, 0% used [0x00000007eb180000,0x00000007eb180000,0x00000007eb400000)
 ParOldGen       total 108032K, used 106562K [0x00000007c0000000, 0x00000007c6980000, 0x00000007eab00000)
  object space 108032K, 98% used [0x00000007c0000000,0x00000007c6810a88,0x00000007c6980000)
 Metaspace       used 93029K, committed 94080K, reserved 1138688K
  class space    used 9882K, committed 10432K, reserved 1048576K
}
Event: 199381.112 GC heap before
{Heap before GC invocations=1936 (full 61):
 PSYoungGen      total 6656K, used 2448K [0x00000007eab00000, 0x00000007eb400000, 0x0000000800000000)
  eden space 3584K, 0% used [0x00000007eab00000,0x00000007eab00000,0x00000007eae80000)
  from space 3072K, 79% used [0x00000007eae80000,0x00000007eb0e4000,0x00000007eb180000)
  to   space 2560K, 0% used [0x00000007eb180000,0x00000007eb180000,0x00000007eb400000)
 ParOldGen       total 108032K, used 106562K [0x00000007c0000000, 0x00000007c6980000, 0x00000007eab00000)
  object space 108032K, 98% used [0x00000007c0000000,0x00000007c6810a88,0x00000007c6980000)
 Metaspace       used 93029K, committed 94080K, reserved 1138688K
  class space    used 9882K, committed 10432K, reserved 1048576K
}
Event: 199381.186 GC heap after
{Heap after GC invocations=1936 (full 61):
 PSYoungGen      total 6656K, used 0K [0x00000007eab00000, 0x00000007eb480000, 0x0000000800000000)
  eden space 4096K, 0% used [0x00000007eab00000,0x00000007eab00000,0x00000007eaf00000)
  from space 2560K, 0% used [0x00000007eb180000,0x00000007eb180000,0x00000007eb400000)
  to   space 2560K, 0% used [0x00000007eaf00000,0x00000007eaf00000,0x00000007eb180000)
 ParOldGen       total 113664K, used 95727K [0x00000007c0000000, 0x00000007c6f00000, 0x00000007eab00000)
  object space 113664K, 84% used [0x00000007c0000000,0x00000007c5d7bf40,0x00000007c6f00000)
 Metaspace       used 93029K, committed 94080K, reserved 1138688K
  class space    used 9882K, committed 10432K, reserved 1048576K
}
Event: 199600.886 GC heap before
{Heap before GC invocations=1937 (full 61):
 PSYoungGen      total 6656K, used 4091K [0x00000007eab00000, 0x00000007eb480000, 0x0000000800000000)
  eden space 4096K, 99% used [0x00000007eab00000,0x00000007eaefed90,0x00000007eaf00000)
  from space 2560K, 0% used [0x00000007eb180000,0x00000007eb180000,0x00000007eb400000)
  to   space 2560K, 0% used [0x00000007eaf00000,0x00000007eaf00000,0x00000007eb180000)
 ParOldGen       total 113664K, used 95727K [0x00000007c0000000, 0x00000007c6f00000, 0x00000007eab00000)
  object space 113664K, 84% used [0x00000007c0000000,0x00000007c5d7bf40,0x00000007c6f00000)
 Metaspace       used 93153K, committed 94208K, reserved 1138688K
  class space    used 9900K, committed 10432K, reserved 1048576K
}
Event: 199600.887 GC heap after
{Heap after GC invocations=1937 (full 61):
 PSYoungGen      total 6656K, used 1952K [0x00000007eab00000, 0x00000007eb500000, 0x0000000800000000)
  eden space 4096K, 0% used [0x00000007eab00000,0x00000007eab00000,0x00000007eaf00000)
  from space 2560K, 76% used [0x00000007eaf00000,0x00000007eb0e8000,0x00000007eb180000)
  to   space 2560K, 0% used [0x00000007eb280000,0x00000007eb280000,0x00000007eb500000)
 ParOldGen       total 113664K, used 95735K [0x00000007c0000000, 0x00000007c6f00000, 0x00000007eab00000)
  object space 113664K, 84% used [0x00000007c0000000,0x00000007c5d7df40,0x00000007c6f00000)
 Metaspace       used 93153K, committed 94208K, reserved 1138688K
  class space    used 9900K, committed 10432K, reserved 1048576K
}
Event: 201172.218 GC heap before
{Heap before GC invocations=1938 (full 61):
 PSYoungGen      total 6656K, used 6044K [0x00000007eab00000, 0x00000007eb500000, 0x0000000800000000)
  eden space 4096K, 99% used [0x00000007eab00000,0x00000007eaeff338,0x00000007eaf00000)
  from space 2560K, 76% used [0x00000007eaf00000,0x00000007eb0e8000,0x00000007eb180000)
  to   space 2560K, 0% used [0x00000007eb280000,0x00000007eb280000,0x00000007eb500000)
 ParOldGen       total 113664K, used 95735K [0x00000007c0000000, 0x00000007c6f00000, 0x00000007eab00000)
  object space 113664K, 84% used [0x00000007c0000000,0x00000007c5d7df40,0x00000007c6f00000)
 Metaspace       used 93153K, committed 94208K, reserved 1138688K
  class space    used 9900K, committed 10432K, reserved 1048576K
}
Event: 201172.219 GC heap after
{Heap after GC invocations=1938 (full 61):
 PSYoungGen      total 4608K, used 128K [0x00000007eab00000, 0x00000007eb300000, 0x0000000800000000)
  eden space 4096K, 0% used [0x00000007eab00000,0x00000007eab00000,0x00000007eaf00000)
  from space 512K, 25% used [0x00000007eb280000,0x00000007eb2a0000,0x00000007eb300000)
  to   space 1024K, 0% used [0x00000007eb100000,0x00000007eb100000,0x00000007eb200000)
 ParOldGen       total 113664K, used 97179K [0x00000007c0000000, 0x00000007c6f00000, 0x00000007eab00000)
  object space 113664K, 85% used [0x00000007c0000000,0x00000007c5ee6f50,0x00000007c6f00000)
 Metaspace       used 93153K, committed 94208K, reserved 1138688K
  class space    used 9900K, committed 10432K, reserved 1048576K
}
Event: 202653.836 GC heap before
{Heap before GC invocations=1939 (full 61):
 PSYoungGen      total 4608K, used 4224K [0x00000007eab00000, 0x00000007eb300000, 0x0000000800000000)
  eden space 4096K, 100% used [0x00000007eab00000,0x00000007eaf00000,0x00000007eaf00000)
  from space 512K, 25% used [0x00000007eb280000,0x00000007eb2a0000,0x00000007eb300000)
  to   space 1024K, 0% used [0x00000007eb100000,0x00000007eb100000,0x00000007eb200000)
 ParOldGen       total 113664K, used 97179K [0x00000007c0000000, 0x00000007c6f00000, 0x00000007eab00000)
  object space 113664K, 85% used [0x00000007c0000000,0x00000007c5ee6f50,0x00000007c6f00000)
 Metaspace       used 93153K, committed 94208K, reserved 1138688K
  class space    used 9900K, committed 10432K, reserved 1048576K
}
Event: 202653.837 GC heap after
{Heap after GC invocations=1939 (full 61):
 PSYoungGen      total 5120K, used 320K [0x00000007eab00000, 0x00000007eb300000, 0x0000000800000000)
  eden space 4096K, 0% used [0x00000007eab00000,0x00000007eab00000,0x00000007eaf00000)
  from space 1024K, 31% used [0x00000007eb100000,0x00000007eb150000,0x00000007eb200000)
  to   space 512K, 0% used [0x00000007eb280000,0x00000007eb280000,0x00000007eb300000)
 ParOldGen       total 113664K, used 97179K [0x00000007c0000000, 0x00000007c6f00000, 0x00000007eab00000)
  object space 113664K, 85% used [0x00000007c0000000,0x00000007c5ee6f50,0x00000007c6f00000)
 Metaspace       used 93153K, committed 94208K, reserved 1138688K
  class space    used 9900K, committed 10432K, reserved 1048576K
}
Event: 202656.672 GC heap before
{Heap before GC invocations=1940 (full 61):
 PSYoungGen      total 5120K, used 4416K [0x00000007eab00000, 0x00000007eb300000, 0x0000000800000000)
  eden space 4096K, 100% used [0x00000007eab00000,0x00000007eaf00000,0x00000007eaf00000)
  from space 1024K, 31% used [0x00000007eb100000,0x00000007eb150000,0x00000007eb200000)
  to   space 512K, 0% used [0x00000007eb280000,0x00000007eb280000,0x00000007eb300000)
 ParOldGen       total 113664K, used 97179K [0x00000007c0000000, 0x00000007c6f00000, 0x00000007eab00000)
  object space 113664K, 85% used [0x00000007c0000000,0x00000007c5ee6f50,0x00000007c6f00000)
 Metaspace       used 93154K, committed 94208K, reserved 1138688K
  class space    used 9900K, committed 10432K, reserved 1048576K
}
Event: 202656.673 GC heap after
{Heap after GC invocations=1940 (full 61):
 PSYoungGen      total 4608K, used 496K [0x00000007eab00000, 0x00000007eb300000, 0x0000000800000000)
  eden space 4096K, 0% used [0x00000007eab00000,0x00000007eab00000,0x00000007eaf00000)
  from space 512K, 96% used [0x00000007eb280000,0x00000007eb2fc010,0x00000007eb300000)
  to   space 1536K, 0% used [0x00000007eb000000,0x00000007eb000000,0x00000007eb180000)
 ParOldGen       total 113664K, used 97749K [0x00000007c0000000, 0x00000007c6f00000, 0x00000007eab00000)
  object space 113664K, 85% used [0x00000007c0000000,0x00000007c5f757e0,0x00000007c6f00000)
 Metaspace       used 93154K, committed 94208K, reserved 1138688K
  class space    used 9900K, committed 10432K, reserved 1048576K
}

