# JRE version: OpenJDK Runtime Environment (8.0_252-b09) (build 1.8.0_252-b09)
# Java VM: OpenJDK 64-Bit Server VM (25.252-b09 mixed mode bsd-amd64 compressed oops)
Heap:
 PSYoungGen      total 751616K, used 744896K [0x0000000715580000, 0x0000000745000000, 0x00000007c0000000)
  eden space 734720K, 99% used [0x0000000715580000,0x0000000741ceb098,0x0000000742300000)
  from space 16896K, 97% used [0x0000000743f80000,0x0000000744f85008,0x0000000745000000)
  to   space 19456K, 0% used [0x0000000742a00000,0x0000000742a00000,0x0000000743d00000)
 ParOldGen       total 312320K, used 24832K [0x00000005c0000000, 0x00000005d3100000, 0x0000000715580000)
  object space 312320K, 7% used [0x00000005c0000000,0x00000005c18401d8,0x00000005d3100000)
 Metaspace       used 58109K, capacity 58900K, committed 59096K, reserved 1101824K
  class space    used 7171K, capacity 7339K, committed 7424K, reserved 1048576K
GC Heap History (10 events):
Event: 4.960 GC heap before
{Heap before GC invocations=8 (full 1):
 PSYoungGen      total 404992K, used 404861K [0x0000000715580000, 0x0000000736900000, 0x00000007c0000000)
  eden space 397824K, 100% used [0x0000000715580000,0x000000072da00000,0x000000072da00000)
  from space 7168K, 98% used [0x0000000736200000,0x00000007368df778,0x0000000736900000)
  to   space 10240K, 0% used [0x0000000735500000,0x0000000735500000,0x0000000735f00000)
 ParOldGen       total 199168K, used 8986K [0x00000005c0000000, 0x00000005cc280000, 0x0000000715580000)
  object space 199168K, 4% used [0x00000005c0000000,0x00000005c08c6b38,0x00000005cc280000)
 Metaspace       used 31645K, capacity 32122K, committed 32256K, reserved 1077248K
  class space    used 3959K, capacity 4090K, committed 4096K, reserved 1048576K
Event: 4.973 GC heap after
Heap after GC invocations=8 (full 1):
 PSYoungGen      total 534016K, used 10238K [0x0000000715580000, 0x000000073b000000, 0x00000007c0000000)
  eden space 523776K, 0% used [0x0000000715580000,0x0000000715580000,0x0000000735500000)
  from space 10240K, 99% used [0x0000000735500000,0x0000000735eff8c0,0x0000000735f00000)
  to   space 13824K, 0% used [0x000000073a280000,0x000000073a280000,0x000000073b000000)
 ParOldGen       total 199168K, used 14525K [0x00000005c0000000, 0x00000005cc280000, 0x0000000715580000)
  object space 199168K, 7% used [0x00000005c0000000,0x00000005c0e2f5b8,0x00000005cc280000)
 Metaspace       used 31645K, capacity 32122K, committed 32256K, reserved 1077248K
  class space    used 3959K, capacity 4090K, committed 4096K, reserved 1048576K
}
Event: 5.385 GC heap before
{Heap before GC invocations=9 (full 1):
 PSYoungGen      total 534016K, used 88707K [0x0000000715580000, 0x000000073b000000, 0x00000007c0000000)
  eden space 523776K, 14% used [0x0000000715580000,0x000000071a2216b0,0x0000000735500000)
  from space 10240K, 99% used [0x0000000735500000,0x0000000735eff8c0,0x0000000735f00000)
  to   space 13824K, 0% used [0x000000073a280000,0x000000073a280000,0x000000073b000000)
 ParOldGen       total 199168K, used 14525K [0x00000005c0000000, 0x00000005cc280000, 0x0000000715580000)
  object space 199168K, 7% used [0x00000005c0000000,0x00000005c0e2f5b8,0x00000005cc280000)
 Metaspace       used 34907K, capacity 35296K, committed 35456K, reserved 1081344K
  class space    used 4265K, capacity 4379K, committed 4480K, reserved 1048576K
Event: 5.397 GC heap after
Heap after GC invocations=9 (full 1):
 PSYoungGen      total 601088K, used 13797K [0x0000000715580000, 0x0000000748b80000, 0x00000007c0000000)
  eden space 587264K, 0% used [0x0000000715580000,0x0000000715580000,0x0000000739300000)
  from space 13824K, 99% used [0x000000073a280000,0x000000073aff96b8,0x000000073b000000)
  to   space 15872K, 0% used [0x0000000739300000,0x0000000739300000,0x000000073a280000)
 ParOldGen       total 199168K, used 14810K [0x00000005c0000000, 0x00000005cc280000, 0x0000000715580000)
  object space 199168K, 7% used [0x00000005c0000000,0x00000005c0e76b70,0x00000005cc280000)
 Metaspace       used 34907K, capacity 35296K, committed 35456K, reserved 1081344K
  class space    used 4265K, capacity 4379K, committed 4480K, reserved 1048576K
}
Event: 5.397 GC heap before
{Heap before GC invocations=10 (full 2):
 PSYoungGen      total 601088K, used 13797K [0x0000000715580000, 0x0000000748b80000, 0x00000007c0000000)
  eden space 587264K, 0% used [0x0000000715580000,0x0000000715580000,0x0000000739300000)
  from space 13824K, 99% used [0x000000073a280000,0x000000073aff96b8,0x000000073b000000)
  to   space 15872K, 0% used [0x0000000739300000,0x0000000739300000,0x000000073a280000)
 ParOldGen       total 199168K, used 14810K [0x00000005c0000000, 0x00000005cc280000, 0x0000000715580000)
  object space 199168K, 7% used [0x00000005c0000000,0x00000005c0e76b70,0x00000005cc280000)
 Metaspace       used 34907K, capacity 35296K, committed 35456K, reserved 1081344K
  class space    used 4265K, capacity 4379K, committed 4480K, reserved 1048576K
Event: 5.459 GC heap after
Heap after GC invocations=10 (full 2):
 PSYoungGen      total 601088K, used 0K [0x0000000715580000, 0x0000000748b80000, 0x00000007c0000000)
  eden space 587264K, 0% used [0x0000000715580000,0x0000000715580000,0x0000000739300000)
  from space 13824K, 0% used [0x000000073a280000,0x000000073a280000,0x000000073b000000)
  to   space 15872K, 0% used [0x0000000739300000,0x0000000739300000,0x000000073a280000)
 ParOldGen       total 312320K, used 23482K [0x00000005c0000000, 0x00000005d3100000, 0x0000000715580000)
  object space 312320K, 7% used [0x00000005c0000000,0x00000005c16eea48,0x00000005d3100000)
 Metaspace       used 34907K, capacity 35296K, committed 35456K, reserved 1081344K
  class space    used 4265K, capacity 4379K, committed 4480K, reserved 1048576K
}
Event: 7.925 GC heap before
{Heap before GC invocations=11 (full 2):
 PSYoungGen      total 601088K, used 587264K [0x0000000715580000, 0x0000000748b80000, 0x00000007c0000000)
  eden space 587264K, 100% used [0x0000000715580000,0x0000000739300000,0x0000000739300000)
  from space 13824K, 0% used [0x000000073a280000,0x000000073a280000,0x000000073b000000)
  to   space 15872K, 0% used [0x0000000739300000,0x0000000739300000,0x000000073a280000)
 ParOldGen       total 312320K, used 23482K [0x00000005c0000000, 0x00000005d3100000, 0x0000000715580000)
  object space 312320K, 7% used [0x00000005c0000000,0x00000005c16eea48,0x00000005d3100000)
 Metaspace       used 48894K, capacity 49436K, committed 49920K, reserved 1093632K
  class space    used 6153K, capacity 6293K, committed 6400K, reserved 1048576K
Event: 7.937 GC heap after
Heap after GC invocations=11 (full 2):
 PSYoungGen      total 603136K, used 15861K [0x0000000715580000, 0x0000000745100000, 0x00000007c0000000)
  eden space 587264K, 0% used [0x0000000715580000,0x0000000715580000,0x0000000739300000)
  from space 15872K, 99% used [0x0000000739300000,0x000000073a27d7d8,0x000000073a280000)
  to   space 17920K, 0% used [0x0000000743f80000,0x0000000743f80000,0x0000000745100000)
 ParOldGen       total 312320K, used 24824K [0x00000005c0000000, 0x00000005d3100000, 0x0000000715580000)
  object space 312320K, 7% used [0x00000005c0000000,0x00000005c183e1d8,0x00000005d3100000)
 Metaspace       used 48894K, capacity 49436K, committed 49920K, reserved 1093632K
  class space    used 6153K, capacity 6293K, committed 6400K, reserved 1048576K
}
Event: 9.544 GC heap before
{Heap before GC invocations=12 (full 2):
 PSYoungGen      total 603136K, used 603125K [0x0000000715580000, 0x0000000745100000, 0x00000007c0000000)
  eden space 587264K, 100% used [0x0000000715580000,0x0000000739300000,0x0000000739300000)
  from space 15872K, 99% used [0x0000000739300000,0x000000073a27d7d8,0x000000073a280000)
  to   space 17920K, 0% used [0x0000000743f80000,0x0000000743f80000,0x0000000745100000)
 ParOldGen       total 312320K, used 24824K [0x00000005c0000000, 0x00000005d3100000, 0x0000000715580000)
  object space 312320K, 7% used [0x00000005c0000000,0x00000005c183e1d8,0x00000005d3100000)
 Metaspace       used 52452K, capacity 53086K, committed 53504K, reserved 1095680K
  class space    used 6629K, capacity 6790K, committed 6912K, reserved 1048576K
Event: 9.555 GC heap after
Heap after GC invocations=12 (full 2):
 PSYoungGen      total 751616K, used 16404K [0x0000000715580000, 0x0000000745000000, 0x00000007c0000000)
  eden space 734720K, 0% used [0x0000000715580000,0x0000000715580000,0x0000000742300000)
  from space 16896K, 97% used [0x0000000743f80000,0x0000000744f85008,0x0000000745000000)
  to   space 19456K, 0% used [0x0000000742a00000,0x0000000742a00000,0x0000000743d00000)
 ParOldGen       total 312320K, used 24832K [0x00000005c0000000, 0x00000005d3100000, 0x0000000715580000)
  object space 312320K, 7% used [0x00000005c0000000,0x00000005c18401d8,0x00000005d3100000)
 Metaspace       used 52452K, capacity 53086K, committed 53504K, reserved 1095680K
  class space    used 6629K, capacity 6790K, committed 6912K, reserved 1048576K
}

